xrun: 22.03-s012: (c) Copyright 1995-2023 Cadence Design Systems, Inc.
TOOL:	xrun	22.03-s012: Started on Jun 04, 2026 at 19:02:32 CDT
xrun
	-sv
	array_sum_contraint.sv
Recompiling... reason: file './array_sum_contraint.sv' is newer than expected.
	expected: Thu Jun  4 19:01:21 2026
	actual:   Thu Jun  4 19:02:31 2026
file: array_sum_contraint.sv
	module worklib.test:sv
		errors: 0, warnings: 0
		Caching library 'worklib' ....... Done
	Elaborating the design hierarchy:
	Top level design units:
		$unit_0x603dab06
		test
xmelab: *W,DSEMEL: This SystemVerilog design will be simulated as per IEEE 1800-2009 SystemVerilog simulation semantics. Use -disable_sem2009 option for turning off SV 2009 simulation semantics.
	Building instance overlay tables: .................... Done
	Generating native compiled code:
		worklib.test:sv <0x2a4fda24>
			streams:   2, words:  2604
		worklib.\$unit_0x603dab06 :compilation_unit <0x700a7bef>
			streams:   7, words:  2044
	Building instance specific data structures.
	Loading native compiled code:     .................... Done
	Design hierarchy summary:
		                   Instances  Unique
		Modules:                   1       1
		Registers:                 6       7
		Initial blocks:            2       2
		Compilation units:         1       1
		SV Class declarations:     1       1
		SV Class specializations:  1       1
	Writing initial simulation snapshot: worklib.test:sv
Loading snapshot worklib.test:sv .................... Done
SVSEED default: 1
xmsim: *W,DSEM2009: This SystemVerilog design is simulated as per IEEE 1800-2009 SystemVerilog simulation semantics. Use -disable_sem2009 option for turning off SV 2009 simulation semantics.
xcelium> source /opt/coe/cadence/XCELIUM/tools/xcelium/files/xmsimrc
xcelium> run
Randomization is successful
arr[0]: 8
arr[1]: 7
arr[2]: 1
arr[3]: 10
arr[4]: 3
arr[5]: 4
arr[6]: 33
arr[7]: 17
arr[8]: 11
arr[9]: 6
xmsim: *W,RNQUIE: Simulation is complete.
xcelium> exit
TOOL:	xrun	22.03-s012: Exiting on Jun 04, 2026 at 19:02:33 CDT  (total: 00:00:01)
